SF:manage.py
DA:3,1
DA:4,1
DA:7,1
DA:9,1
DA:10,1
DA:11,1
DA:12,0
DA:13,0
DA:18,1
DA:21,1
DA:22,1
LF:11
LH:9
FN:7,18,main
FNDA:1,main
FNF:1
FNH:1
end_of_record
SF:task_manager/__init__.py
end_of_record
SF:task_manager/labels/__init__.py
end_of_record
SF:task_manager/labels/admin.py
DA:1,1
DA:2,1
DA:4,1
LF:3
LH:3
end_of_record
SF:task_manager/labels/apps.py
DA:1,1
DA:4,1
DA:5,1
DA:6,1
LF:4
LH:4
end_of_record
SF:task_manager/labels/forms.py
DA:1,1
DA:3,1
DA:6,1
DA:8,1
DA:9,1
DA:10,1
DA:11,1
DA:19,1
LF:8
LH:8
end_of_record
SF:task_manager/labels/migrations/0001_initial.py
DA:3,1
DA:6,1
DA:8,1
DA:10,1
DA:13,1
LF:5
LH:5
end_of_record
SF:task_manager/labels/migrations/__init__.py
end_of_record
SF:task_manager/labels/models.py
DA:1,1
DA:4,1
DA:5,1
DA:11,1
DA:16,1
DA:17,1
DA:19,1
DA:20,1
DA:21,1
LF:9
LH:9
FN:16,17,Label.__str__
FNDA:1,Label.__str__
FNF:1
FNH:1
end_of_record
SF:task_manager/labels/urls.py
DA:1,1
DA:3,1
DA:11,1
LF:3
LH:3
end_of_record
SF:task_manager/labels/views.py
DA:1,1
DA:2,1
DA:3,1
DA:5,1
DA:6,1
DA:7,1
DA:10,1
DA:14,1
DA:15,1
DA:16,1
DA:17,1
DA:22,1
DA:26,1
DA:27,1
DA:28,1
DA:29,1
DA:30,1
DA:31,1
DA:37,1
DA:41,1
DA:42,1
DA:43,1
DA:44,1
DA:45,1
DA:46,1
DA:52,1
DA:58,1
DA:59,1
DA:60,1
DA:61,1
DA:62,1
DA:63,1
DA:64,1
LF:33
LH:33
end_of_record
SF:task_manager/mixins.py
DA:1,1
DA:2,1
DA:3,1
DA:4,1
DA:5,1
DA:8,1
DA:11,1
DA:18,1
DA:19,1
DA:20,1
DA:22,1
DA:23,1
DA:25,1
DA:26,1
DA:28,1
DA:29,0
DA:31,1
DA:32,0
DA:35,1
DA:36,1
DA:38,1
DA:39,1
DA:40,1
DA:41,1
DA:42,1
DA:45,1
DA:46,1
DA:47,1
DA:49,1
DA:50,1
DA:52,1
DA:53,1
DA:54,1
DA:57,1
DA:58,1
DA:59,1
DA:61,1
DA:62,1
DA:63,1
DA:64,1
DA:65,1
DA:66,1
DA:69,1
DA:70,1
DA:71,1
DA:73,1
DA:74,1
DA:76,1
DA:77,0
DA:78,0
LF:50
LH:46
FN:18,20,MessageMixin.add_message
FNDA:1,MessageMixin.add_message
FN:22,23,MessageMixin.success
FNDA:1,MessageMixin.success
FN:25,26,MessageMixin.error
FNDA:1,MessageMixin.error
FN:28,29,MessageMixin.info
FNDA:0,MessageMixin.info
FN:31,32,MessageMixin.warning
FNDA:0,MessageMixin.warning
FN:38,42,AuthRequiredMixin.dispatch
FNDA:1,AuthRequiredMixin.dispatch
FN:49,50,UserPermissionMixin.test_func
FNDA:1,UserPermissionMixin.test_func
FN:52,54,UserPermissionMixin.handle_no_permission
FNDA:1,UserPermissionMixin.handle_no_permission
FN:61,66,DeleteProtectionMixin.post
FNDA:1,DeleteProtectionMixin.post
FN:73,74,AuthorDeletionMixin.test_func
FNDA:1,AuthorDeletionMixin.test_func
FN:76,78,AuthorDeletionMixin.handle_no_permission
FNDA:0,AuthorDeletionMixin.handle_no_permission
FNF:11
FNH:8
end_of_record
SF:task_manager/settings.py
DA:13,1
DA:14,1
DA:15,1
DA:16,1
DA:19,1
DA:22,1
DA:29,1
DA:32,1
DA:34,1
DA:44,1
DA:59,1
DA:70,1
DA:72,1
DA:88,1
DA:94,1
DA:105,1
DA:121,1
DA:127,1
DA:129,1
DA:131,1
DA:133,1
DA:139,1
DA:144,1
DA:146,1
DA:150,1
LF:25
LH:25
end_of_record
SF:task_manager/statuses/__init__.py
end_of_record
SF:task_manager/statuses/admin.py
DA:1,1
DA:2,1
DA:4,1
LF:3
LH:3
end_of_record
SF:task_manager/statuses/apps.py
DA:1,1
DA:4,1
DA:5,1
DA:6,1
LF:4
LH:4
end_of_record
SF:task_manager/statuses/forms.py
DA:1,1
DA:2,1
DA:5,1
DA:7,1
DA:8,1
DA:9,1
DA:10,1
DA:18,1
LF:8
LH:8
end_of_record
SF:task_manager/statuses/migrations/0001_initial.py
DA:3,1
DA:6,1
DA:8,1
DA:10,1
DA:13,1
LF:5
LH:5
end_of_record
SF:task_manager/statuses/migrations/0002_rename_date_joined_status_date_created.py
DA:3,1
DA:6,1
DA:8,1
DA:12,1
LF:4
LH:4
end_of_record
SF:task_manager/statuses/migrations/__init__.py
end_of_record
SF:task_manager/statuses/models.py
DA:1,1
DA:4,1
DA:5,1
DA:6,1
DA:8,1
DA:9,1
LF:6
LH:6
FN:8,9,Status.__str__
FNDA:1,Status.__str__
FNF:1
FNH:1
end_of_record
SF:task_manager/statuses/urls.py
DA:1,1
DA:3,1
DA:11,1
LF:3
LH:3
end_of_record
SF:task_manager/statuses/views.py
DA:1,1
DA:2,1
DA:3,1
DA:5,1
DA:6,1
DA:7,1
DA:10,1
DA:14,1
DA:15,1
DA:16,1
DA:17,1
DA:22,1
DA:26,1
DA:27,1
DA:28,1
DA:29,1
DA:30,1
DA:31,1
DA:37,1
DA:41,1
DA:42,1
DA:43,1
DA:44,1
DA:45,1
DA:46,1
DA:52,1
DA:58,1
DA:59,1
DA:60,1
DA:61,1
DA:62,1
DA:63,1
DA:64,1
LF:33
LH:33
end_of_record
SF:task_manager/tasks/__init__.py
end_of_record
SF:task_manager/tasks/admin.py
DA:1,1
DA:2,1
DA:4,1
LF:3
LH:3
end_of_record
SF:task_manager/tasks/apps.py
DA:1,1
DA:4,1
DA:5,1
DA:6,1
LF:4
LH:4
end_of_record
SF:task_manager/tasks/filters.py
DA:1,1
DA:2,1
DA:4,1
DA:5,1
DA:6,1
DA:7,1
DA:10,1
DA:12,1
DA:22,1
DA:32,1
DA:42,1
DA:52,1
DA:53,0
DA:54,0
DA:55,0
DA:56,0
DA:58,1
DA:59,1
DA:60,1
LF:19
LH:15
FN:52,56,TaskFilter.get_own_tasks
FNDA:0,TaskFilter.get_own_tasks
FNF:1
FNH:0
end_of_record
SF:task_manager/tasks/forms.py
DA:1,1
DA:3,1
DA:4,1
DA:5,1
DA:6,1
DA:9,1
DA:10,1
DA:11,1
DA:12,1
DA:19,1
DA:51,1
LF:11
LH:11
end_of_record
SF:task_manager/tasks/migrations/0001_initial.py
DA:3,1
DA:4,1
DA:5,1
DA:8,1
DA:10,1
DA:12,1
DA:18,1
LF:7
LH:7
end_of_record
SF:task_manager/tasks/migrations/__init__.py
end_of_record
SF:task_manager/tasks/models.py
DA:1,1
DA:3,1
DA:4,1
DA:5,1
DA:8,1
DA:9,1
DA:15,1
DA:20,1
DA:24,1
DA:30,1
DA:36,1
DA:42,1
DA:51,1
DA:52,0
DA:54,1
DA:55,1
DA:56,1
DA:59,1
DA:60,1
DA:61,1
LF:20
LH:19
FN:51,52,Task.__str__
FNDA:0,Task.__str__
FNF:1
FNH:0
end_of_record
SF:task_manager/tasks/urls.py
DA:1,1
DA:3,1
DA:12,1
LF:3
LH:3
end_of_record
SF:task_manager/tasks/views.py
DA:1,1
DA:2,1
DA:3,1
DA:4,1
DA:6,1
DA:7,1
DA:8,1
DA:9,1
DA:10,1
DA:13,1
DA:17,1
DA:18,1
DA:19,1
DA:20,1
DA:21,1
DA:26,1
DA:30,1
DA:31,1
DA:32,1
DA:33,1
DA:38,1
DA:42,1
DA:43,1
DA:44,1
DA:45,1
DA:46,1
DA:47,1
DA:52,1
DA:54,1
DA:55,1
DA:56,1
DA:59,1
DA:63,1
DA:64,1
DA:65,1
DA:66,1
DA:67,1
DA:68,1
DA:74,1
DA:80,1
DA:81,1
DA:82,1
DA:83,1
DA:84,1
DA:85,1
DA:86,1
LF:46
LH:46
FN:52,56,TaskCreateView.form_valid
FNDA:1,TaskCreateView.form_valid
FNF:1
FNH:1
end_of_record
SF:task_manager/tests/__init__.py
end_of_record
SF:task_manager/tests/labels_test/__init__.py
end_of_record
SF:task_manager/tests/labels_test/test_create.py
DA:1,1
DA:2,1
DA:3,1
DA:4,1
DA:7,1
DA:8,1
DA:10,1
DA:11,1
DA:12,1
DA:14,1
DA:15,1
DA:16,1
DA:18,1
DA:19,1
DA:21,1
DA:23,1
DA:25,1
DA:27,1
DA:29,1
DA:30,1
LF:20
LH:20
FN:10,12,CreateLabel.test_create_open_without_login
FNDA:1,CreateLabel.test_create_open_without_login
FN:14,30,CreateLabel.test_create_label
FNDA:1,CreateLabel.test_create_label
FNF:2
FNH:2
end_of_record
SF:task_manager/tests/labels_test/test_delete.py
DA:1,1
DA:2,1
DA:3,1
DA:4,1
DA:7,1
DA:8,1
DA:10,1
DA:11,1
DA:12,1
DA:14,1
DA:15,1
DA:16,1
DA:18,1
DA:19,1
DA:21,1
DA:22,1
LF:16
LH:16
FN:10,12,DeleteLabel.test_delete_open_without_login
FNDA:1,DeleteLabel.test_delete_open_without_login
FN:14,22,DeleteLabel.test_delete_label
FNDA:1,DeleteLabel.test_delete_label
FNF:2
FNH:2
end_of_record
SF:task_manager/tests/labels_test/test_delete_with_task.py
DA:1,1
DA:2,1
DA:3,1
DA:4,1
DA:5,1
DA:8,1
DA:9,1
DA:11,1
DA:12,1
DA:13,1
DA:15,1
DA:16,1
DA:18,1
DA:20,1
DA:22,1
DA:26,1
DA:28,1
LF:17
LH:17
FN:11,28,DeleteLabelWithTask.test_delete_label_with_task
FNDA:1,DeleteLabelWithTask.test_delete_label_with_task
FNF:1
FNH:1
end_of_record
SF:task_manager/tests/labels_test/test_list.py
DA:1,1
DA:2,1
DA:3,1
DA:6,1
DA:7,1
DA:9,1
DA:10,1
DA:11,1
DA:13,1
DA:14,1
DA:15,1
DA:17,1
DA:18,1
LF:13
LH:13
FN:9,11,List.test_open_create_without_login
FNDA:1,List.test_open_create_without_login
FN:13,18,List.test_list_with_login
FNDA:1,List.test_list_with_login
FNF:2
FNH:2
end_of_record
SF:task_manager/tests/labels_test/test_update.py
DA:1,1
DA:2,1
DA:3,1
DA:4,1
DA:7,1
DA:8,1
DA:10,1
DA:11,1
DA:12,1
DA:14,1
DA:15,1
DA:16,1
DA:17,1
DA:19,1
DA:20,1
DA:22,1
DA:25,1
DA:27,1
DA:32,1
DA:33,1
LF:20
LH:20
FN:10,12,UpdateLabel.test_update_open_without_login
FNDA:1,UpdateLabel.test_update_open_without_login
FN:14,33,UpdateLabel.test_update_label
FNDA:1,UpdateLabel.test_update_label
FNF:2
FNH:2
end_of_record
SF:task_manager/tests/statuses_test/__init__.py
end_of_record
SF:task_manager/tests/statuses_test/test_create.py
DA:1,1
DA:2,1
DA:3,1
DA:4,1
DA:7,1
DA:8,1
DA:10,1
DA:11,1
DA:12,1
DA:14,1
DA:15,1
DA:16,1
DA:17,1
DA:18,1
DA:19,1
DA:20,1
DA:21,1
DA:25,1
DA:26,1
DA:27,1
DA:28,1
LF:21
LH:21
FN:10,12,Create.test_create_open_without_login
FNDA:1,Create.test_create_open_without_login
FN:14,28,Create.test_create_task
FNDA:1,Create.test_create_task
FNF:2
FNH:2
end_of_record
SF:task_manager/tests/statuses_test/test_delete.py
DA:1,1
DA:2,1
DA:3,1
DA:4,1
DA:7,1
DA:8,1
DA:10,1
DA:11,1
DA:12,1
DA:14,1
DA:15,1
DA:16,1
DA:18,1
DA:19,1
DA:20,1
DA:21,1
DA:23,1
DA:25,1
DA:26,1
LF:19
LH:19
FN:10,12,Deletestatus.test_delete_open_without_login
FNDA:1,Deletestatus.test_delete_open_without_login
FN:14,26,Deletestatus.test_delete_task
FNDA:1,Deletestatus.test_delete_task
FNF:2
FNH:2
end_of_record
SF:task_manager/tests/statuses_test/test_list.py
DA:1,1
DA:2,1
DA:3,1
DA:6,1
DA:7,1
DA:9,1
DA:10,1
DA:11,1
DA:13,1
DA:14,1
DA:15,1
DA:17,1
DA:18,1
LF:13
LH:13
FN:9,11,List.test_open_create_without_login
FNDA:1,List.test_open_create_without_login
FN:13,18,List.test_list_with_login
FNDA:1,List.test_list_with_login
FNF:2
FNH:2
end_of_record
SF:task_manager/tests/statuses_test/test_update.py
DA:1,1
DA:2,1
DA:3,1
DA:4,1
DA:7,1
DA:8,1
DA:10,1
DA:11,1
DA:12,1
DA:14,1
DA:15,1
DA:16,1
DA:17,1
DA:18,1
DA:19,1
DA:23,1
DA:24,1
LF:17
LH:17
FN:10,12,UpdateStatus.test_update_open_without_login
FNDA:1,UpdateStatus.test_update_open_without_login
FN:14,24,UpdateStatus.test_update_task
FNDA:1,UpdateStatus.test_update_task
FNF:2
FNH:2
end_of_record
SF:task_manager/tests/tasks_tests/__init__.py
end_of_record
SF:task_manager/tests/tasks_tests/test_create.py
DA:1,1
DA:2,1
DA:3,1
DA:4,1
DA:7,1
DA:8,1
DA:10,1
DA:11,1
DA:12,1
DA:14,1
DA:15,1
DA:16,1
DA:17,1
DA:19,1
DA:20,1
DA:22,1
DA:24,1
DA:33,1
DA:34,1
DA:36,1
DA:37,1
DA:38,1
DA:39,1
LF:23
LH:23
FN:10,12,Create.test_create_open_without_login
FNDA:1,Create.test_create_open_without_login
FN:14,39,Create.test_create_task
FNDA:1,Create.test_create_task
FNF:2
FNH:2
end_of_record
SF:task_manager/tests/tasks_tests/test_delete.py
DA:1,1
DA:2,1
DA:3,1
DA:4,1
DA:7,1
DA:8,1
DA:10,1
DA:11,1
DA:12,1
DA:14,1
DA:15,1
DA:16,1
DA:17,1
DA:18,1
DA:19,1
DA:22,1
DA:23,1
LF:17
LH:17
FN:10,12,DeleteTask.test_delete_task_open_without_login
FNDA:1,DeleteTask.test_delete_task_open_without_login
FN:14,23,DeleteTask.test_delete_task
FNDA:1,DeleteTask.test_delete_task
FNF:2
FNH:2
end_of_record
SF:task_manager/tests/tasks_tests/test_detail.py
DA:1,1
DA:2,1
DA:3,1
DA:4,1
DA:7,1
DA:8,1
DA:10,1
DA:11,1
DA:13,1
DA:15,1
DA:16,1
DA:17,1
DA:18,1
DA:19,1
DA:20,1
DA:22,1
LF:16
LH:16
FN:10,13,List.test_list_without_login
FNDA:1,List.test_list_without_login
FN:15,22,List.test_list_with_login
FNDA:1,List.test_list_with_login
FNF:2
FNH:2
end_of_record
SF:task_manager/tests/tasks_tests/test_list.py
DA:1,1
DA:2,1
DA:3,1
DA:4,1
DA:7,1
DA:8,1
DA:10,1
DA:11,1
DA:12,1
DA:14,1
DA:15,1
DA:16,1
DA:17,1
DA:18,1
DA:19,1
DA:20,1
DA:21,1
DA:22,1
DA:23,1
DA:24,1
LF:20
LH:20
FN:10,12,List.test_list_without_login
FNDA:1,List.test_list_without_login
FN:14,24,List.test_list_with_login
FNDA:1,List.test_list_with_login
FNF:2
FNH:2
end_of_record
SF:task_manager/tests/tasks_tests/test_update.py
DA:1,1
DA:2,1
DA:3,1
DA:4,1
DA:7,1
DA:8,1
DA:10,1
DA:12,1
DA:13,1
DA:15,1
DA:16,1
DA:18,1
DA:20,1
DA:21,1
DA:23,1
DA:24,1
DA:26,1
DA:27,1
DA:28,1
DA:30,1
DA:37,1
DA:42,1
DA:44,1
DA:45,1
DA:46,1
DA:47,1
DA:48,1
LF:27
LH:27
FN:10,16,UpdateTask.test_update_open_without_login
FNDA:1,UpdateTask.test_update_open_without_login
FN:18,48,UpdateTask.test_update_task
FNDA:1,UpdateTask.test_update_task
FNF:2
FNH:2
end_of_record
SF:task_manager/tests/test_homepage.py
DA:1,1
DA:4,1
DA:6,1
DA:7,1
DA:8,1
LF:5
LH:5
FN:6,8,SimpleTest.test_open_root
FNDA:1,SimpleTest.test_open_root
FNF:1
FNH:1
end_of_record
SF:task_manager/tests/users_test/__init__.py
end_of_record
SF:task_manager/tests/users_test/test.py
DA:1,1
DA:2,1
DA:5,1
DA:7,1
DA:8,1
DA:13,1
DA:14,1
DA:15,1
DA:17,1
DA:18,1
DA:19,1
LF:11
LH:11
FN:7,15,SimpleTest.test_page_contains_links
FNDA:1,SimpleTest.test_page_contains_links
FN:17,19,SimpleTest.test_userlist_access_without_login
FNDA:1,SimpleTest.test_userlist_access_without_login
FNF:2
FNH:2
end_of_record
SF:task_manager/tests/users_test/test_create.py
DA:1,1
DA:2,1
DA:3,1
DA:4,1
DA:5,1
DA:8,1
DA:14,1
DA:16,1
DA:17,1
DA:18,1
DA:20,1
DA:21,1
DA:22,1
DA:23,1
DA:24,1
DA:28,1
DA:29,1
DA:30,1
DA:31,1
LF:19
LH:19
FN:16,18,CreateTest.test_open_create_page
FNDA:1,CreateTest.test_open_create_page
FN:20,31,CreateTest.test_create_redirect_user
FNDA:1,CreateTest.test_create_redirect_user
FNF:2
FNH:2
end_of_record
SF:task_manager/tests/users_test/test_delete.py
DA:1,1
DA:2,1
DA:3,1
DA:6,1
DA:7,1
DA:9,1
DA:10,1
DA:16,1
DA:17,1
DA:18,1
DA:20,1
DA:22,1
DA:24,1
DA:26,1
DA:28,1
DA:35,1
DA:37,1
DA:38,1
DA:39,1
DA:46,1
DA:48,1
DA:49,1
LF:22
LH:22
FN:9,18,Delete.test_delete_without_login
FNDA:1,Delete.test_delete_without_login
FN:20,49,Delete.test_delete_only_himself
FNDA:1,Delete.test_delete_only_himself
FNF:2
FNH:2
end_of_record
SF:task_manager/tests/users_test/test_update.py
DA:1,1
DA:2,1
DA:3,1
DA:4,1
DA:5,1
DA:7,1
DA:12,1
DA:13,1
DA:16,1
DA:17,1
DA:18,1
DA:20,1
DA:22,1
DA:29,1
DA:31,1
DA:33,1
DA:34,1
DA:35,1
DA:43,1
DA:44,1
DA:45,1
DA:46,1
DA:47,1
DA:49,1
DA:50,1
DA:51,1
DA:52,1
DA:53,1
DA:55,1
DA:56,1
DA:63,1
DA:64,1
DA:65,1
LF:33
LH:33
FN:20,29,Modify.test_modify_only_logged
FNDA:1,Modify.test_modify_only_logged
FN:31,47,Modify.test_modify_redirect_after_logging
FNDA:1,Modify.test_modify_redirect_after_logging
FN:49,65,Modify.test_modify_only_himself
FNDA:1,Modify.test_modify_only_himself
FNF:3
FNH:3
end_of_record
SF:task_manager/urls.py
DA:17,1
DA:18,1
DA:20,1
DA:22,1
LF:4
LH:4
end_of_record
SF:task_manager/users/__init__.py
end_of_record
SF:task_manager/users/admin.py
DA:1,1
DA:2,1
DA:5,1
LF:3
LH:3
end_of_record
SF:task_manager/users/apps.py
DA:1,1
DA:4,1
DA:5,1
DA:6,1
LF:4
LH:4
end_of_record
SF:task_manager/users/forms.py
DA:1,1
DA:2,1
DA:3,1
DA:4,1
DA:7,1
DA:9,1
DA:11,1
DA:21,1
DA:32,1
DA:44,1
DA:57,1
DA:67,1
DA:68,1
DA:69,1
DA:77,1
DA:78,1
DA:80,1
DA:81,0
DA:82,1
DA:84,1
DA:85,1
DA:86,1
DA:87,1
DA:89,1
DA:90,0
DA:92,1
DA:94,1
DA:95,1
DA:97,1
DA:98,1
DA:99,1
DA:101,1
DA:102,1
DA:104,1
LF:34
LH:32
FN:77,82,UserForm.clean_username
FNDA:1,UserForm.clean_username
FN:84,92,UserForm.clean
FNDA:1,UserForm.clean
FN:94,104,UserForm.save
FNDA:1,UserForm.save
FNF:3
FNH:3
end_of_record
SF:task_manager/users/migrations/0001_initial.py
DA:3,1
DA:4,1
DA:5,1
DA:6,1
DA:9,1
DA:11,1
DA:13,1
DA:17,1
LF:8
LH:8
end_of_record
SF:task_manager/users/migrations/__init__.py
end_of_record
SF:task_manager/users/models.py
DA:1,1
DA:2,1
DA:5,1
DA:6,1
DA:7,1
DA:9,1
DA:10,1
LF:7
LH:7
FN:9,10,User.__str__
FNDA:1,User.__str__
FNF:1
FNH:1
end_of_record
SF:task_manager/users/urls.py
DA:1,1
DA:3,1
DA:11,1
LF:3
LH:3
end_of_record
SF:task_manager/users/views.py
DA:1,1
DA:2,1
DA:3,1
DA:4,1
DA:6,1
DA:12,1
DA:13,1
DA:16,1
DA:20,1
DA:21,1
DA:22,1
DA:25,1
DA:29,1
DA:30,1
DA:31,1
DA:32,1
DA:33,1
DA:38,1
DA:39,1
DA:40,1
DA:41,1
DA:44,1
DA:50,1
DA:51,1
DA:52,1
DA:53,1
DA:54,1
DA:58,1
DA:59,1
DA:61,1
DA:62,1
DA:63,1
DA:64,1
DA:66,1
DA:67,1
DA:68,1
DA:71,1
DA:78,1
DA:79,1
DA:80,1
DA:81,1
DA:82,1
DA:83,1
DA:84,1
DA:85,1
LF:45
LH:45
FN:38,41,UserCreateView.form_valid
FNDA:1,UserCreateView.form_valid
FN:61,64,UserUpdateView.form_valid
FNDA:1,UserUpdateView.form_valid
FN:66,68,UserUpdateView.handle_no_permission
FNDA:1,UserUpdateView.handle_no_permission
FNF:3
FNH:3
end_of_record
SF:task_manager/views.py
DA:1,1
DA:2,1
DA:3,1
DA:4,1
DA:5,1
DA:8,1
DA:9,1
DA:12,1
DA:13,1
DA:14,1
DA:15,1
DA:17,1
DA:18,0
DA:19,0
DA:20,0
DA:22,1
DA:23,0
DA:27,0
DA:30,1
DA:31,1
DA:33,1
DA:34,0
DA:35,0
LF:23
LH:16
FN:17,20,UserLoginView.form_valid
FNDA:0,UserLoginView.form_valid
FN:22,27,UserLoginView.form_invalid
FNDA:0,UserLoginView.form_invalid
FN:33,35,UserLogoutView.dispatch
FNDA:0,UserLogoutView.dispatch
FNF:3
FNH:0
end_of_record
